This is pdfTeX, Version 3.141592653-2.6-1.40.25 (TeX Live 2023/Debian) (preloaded format=pdflatex 2025.3.20)  24 JUN 2025 09:21
entering extended mode
 restricted \write18 enabled.
 file:line:error style messages enabled.
 %&-line parsing enabled.
**/home/leander/Physics/PR_programmieren/final_project/documentation.tex
(/home/leander/Physics/PR_programmieren/final_project/documentation.tex
LaTeX2e <2023-11-01> patch level 1
L3 programming layer <2024-01-22>
(/usr/share/texlive/texmf-dist/tex/latex/base/article.cls
Document Class: article 2023/05/17 v1.4n Standard LaTeX document class
(/usr/share/texlive/texmf-dist/tex/latex/base/size12.clo
File: size12.clo 2023/05/17 v1.4n Standard LaTeX file (size option)
)
\c@part=\count187
\c@section=\count188
\c@subsection=\count189
\c@subsubsection=\count190
\c@paragraph=\count191
\c@subparagraph=\count192
\c@figure=\count193
\c@table=\count194
\abovecaptionskip=\skip48
\belowcaptionskip=\skip49
\bibindent=\dimen140
) (/usr/share/texlive/texmf-dist/tex/latex/base/inputenc.sty
Package: inputenc 2021/02/14 v1.3d Input encoding file
\inpenc@prehook=\toks17
\inpenc@posthook=\toks18
) (/usr/share/texlive/texmf-dist/tex/latex/graphics/graphicx.sty
Package: graphicx 2021/09/16 v1.2d Enhanced LaTeX Graphics (DPC,SPQR)
 (/usr/share/texlive/texmf-dist/tex/latex/graphics/keyval.sty
Package: keyval 2022/05/29 v1.15 key=value parser (DPC)
\KV@toks@=\toks19
) (/usr/share/texlive/texmf-dist/tex/latex/graphics/graphics.sty
Package: graphics 2022/03/10 v1.4e Standard LaTeX Graphics (DPC,SPQR)
 (/usr/share/texlive/texmf-dist/tex/latex/graphics/trig.sty
Package: trig 2021/08/11 v1.11 sin cos tan (DPC)
) (/usr/share/texlive/texmf-dist/tex/latex/graphics-cfg/graphics.cfg
File: graphics.cfg 2016/06/04 v1.11 sample graphics configuration
)
Package graphics Info: Driver file: pdftex.def on input line 107.
 (/usr/share/texlive/texmf-dist/tex/latex/graphics-def/pdftex.def
File: pdftex.def 2022/09/22 v1.2b Graphics/color driver for pdftex
))
\Gin@req@height=\dimen141
\Gin@req@width=\dimen142
) (/usr/share/texlive/texmf-dist/tex/latex/amsmath/amsmath.sty
Package: amsmath 2023/05/13 v2.17o AMS math features
\@mathmargin=\skip50

For additional information on amsmath, use the `?' option.
(/usr/share/texlive/texmf-dist/tex/latex/amsmath/amstext.sty
Package: amstext 2021/08/26 v2.01 AMS text
 (/usr/share/texlive/texmf-dist/tex/latex/amsmath/amsgen.sty
File: amsgen.sty 1999/11/30 v2.0 generic functions
\@emptytoks=\toks20
\ex@=\dimen143
)) (/usr/share/texlive/texmf-dist/tex/latex/amsmath/amsbsy.sty
Package: amsbsy 1999/11/29 v1.2d Bold Symbols
\pmbraise@=\dimen144
) (/usr/share/texlive/texmf-dist/tex/latex/amsmath/amsopn.sty
Package: amsopn 2022/04/08 v2.04 operator names
)
\inf@bad=\count195
LaTeX Info: Redefining \frac on input line 234.
\uproot@=\count196
\leftroot@=\count197
LaTeX Info: Redefining \overline on input line 399.
LaTeX Info: Redefining \colon on input line 410.
\classnum@=\count198
\DOTSCASE@=\count199
LaTeX Info: Redefining \ldots on input line 496.
LaTeX Info: Redefining \dots on input line 499.
LaTeX Info: Redefining \cdots on input line 620.
\Mathstrutbox@=\box51
\strutbox@=\box52
LaTeX Info: Redefining \big on input line 722.
LaTeX Info: Redefining \Big on input line 723.
LaTeX Info: Redefining \bigg on input line 724.
LaTeX Info: Redefining \Bigg on input line 725.
\big@size=\dimen145
LaTeX Font Info:    Redeclaring font encoding OML on input line 743.
LaTeX Font Info:    Redeclaring font encoding OMS on input line 744.
\macc@depth=\count266
LaTeX Info: Redefining \bmod on input line 905.
LaTeX Info: Redefining \pmod on input line 910.
LaTeX Info: Redefining \smash on input line 940.
LaTeX Info: Redefining \relbar on input line 970.
LaTeX Info: Redefining \Relbar on input line 971.
\c@MaxMatrixCols=\count267
\dotsspace@=\muskip16
\c@parentequation=\count268
\dspbrk@lvl=\count269
\tag@help=\toks21
\row@=\count270
\column@=\count271
\maxfields@=\count272
\andhelp@=\toks22
\eqnshift@=\dimen146
\alignsep@=\dimen147
\tagshift@=\dimen148
\tagwidth@=\dimen149
\totwidth@=\dimen150
\lineht@=\dimen151
\@envbody=\toks23
\multlinegap=\skip51
\multlinetaggap=\skip52
\mathdisplay@stack=\toks24
LaTeX Info: Redefining \[ on input line 2953.
LaTeX Info: Redefining \] on input line 2954.
) (/usr/share/texlive/texmf-dist/tex/latex/hyperref/hyperref.sty
Package: hyperref 2024-01-20 v7.01h Hypertext links for LaTeX
 (/usr/share/texlive/texmf-dist/tex/generic/iftex/iftex.sty
Package: iftex 2022/02/03 v1.0f TeX engine tests
) (/usr/share/texlive/texmf-dist/tex/latex/kvsetkeys/kvsetkeys.sty
Package: kvsetkeys 2022-10-05 v1.19 Key value parser (HO)
) (/usr/share/texlive/texmf-dist/tex/generic/kvdefinekeys/kvdefinekeys.sty
Package: kvdefinekeys 2019-12-19 v1.6 Define keys (HO)
) (/usr/share/texlive/texmf-dist/tex/generic/pdfescape/pdfescape.sty
Package: pdfescape 2019/12/09 v1.15 Implements pdfTeX's escape features (HO)
 (/usr/share/texlive/texmf-dist/tex/generic/ltxcmds/ltxcmds.sty
Package: ltxcmds 2023-12-04 v1.26 LaTeX kernel commands for general use (HO)
) (/usr/share/texlive/texmf-dist/tex/generic/pdftexcmds/pdftexcmds.sty
Package: pdftexcmds 2020-06-27 v0.33 Utility functions of pdfTeX for LuaTeX (HO)
 (/usr/share/texlive/texmf-dist/tex/generic/infwarerr/infwarerr.sty
Package: infwarerr 2019/12/03 v1.5 Providing info/warning/error messages (HO)
)
Package pdftexcmds Info: \pdf@primitive is available.
Package pdftexcmds Info: \pdf@ifprimitive is available.
Package pdftexcmds Info: \pdfdraftmode found.
)) (/usr/share/texlive/texmf-dist/tex/latex/hycolor/hycolor.sty
Package: hycolor 2020-01-27 v1.10 Color options for hyperref/bookmark (HO)
) (/usr/share/texlive/texmf-dist/tex/latex/auxhook/auxhook.sty
Package: auxhook 2019-12-17 v1.6 Hooks for auxiliary files (HO)
) (/usr/share/texlive/texmf-dist/tex/latex/hyperref/nameref.sty
Package: nameref 2023-11-26 v2.56 Cross-referencing by name of section
 (/usr/share/texlive/texmf-dist/tex/latex/refcount/refcount.sty
Package: refcount 2019/12/15 v3.6 Data extraction from label references (HO)
) (/usr/share/texlive/texmf-dist/tex/generic/gettitlestring/gettitlestring.sty
Package: gettitlestring 2019/12/15 v1.6 Cleanup title references (HO)
 (/usr/share/texlive/texmf-dist/tex/latex/kvoptions/kvoptions.sty
Package: kvoptions 2022-06-15 v3.15 Key value format for package options (HO)
))
\c@section@level=\count273
) (/usr/share/texlive/texmf-dist/tex/latex/etoolbox/etoolbox.sty
Package: etoolbox 2020/10/05 v2.5k e-TeX tools for LaTeX (JAW)
\etb@tempcnta=\count274
)
\@linkdim=\dimen152
\Hy@linkcounter=\count275
\Hy@pagecounter=\count276
 (/usr/share/texlive/texmf-dist/tex/latex/hyperref/pd1enc.def
File: pd1enc.def 2024-01-20 v7.01h Hyperref: PDFDocEncoding definition (HO)
Now handling font encoding PD1 ...
... no UTF-8 mapping file for font encoding PD1
) (/usr/share/texlive/texmf-dist/tex/generic/intcalc/intcalc.sty
Package: intcalc 2019/12/15 v1.3 Expandable calculations with integers (HO)
)
\Hy@SavedSpaceFactor=\count277
 (/usr/share/texlive/texmf-dist/tex/latex/hyperref/puenc.def
File: puenc.def 2024-01-20 v7.01h Hyperref: PDF Unicode definition (HO)
Now handling font encoding PU ...
... no UTF-8 mapping file for font encoding PU
)
Package hyperref Info: Hyper figures OFF on input line 4179.
Package hyperref Info: Link nesting OFF on input line 4184.
Package hyperref Info: Hyper index ON on input line 4187.
Package hyperref Info: Plain pages OFF on input line 4194.
Package hyperref Info: Backreferencing OFF on input line 4199.
Package hyperref Info: Implicit mode ON; LaTeX internals redefined.
Package hyperref Info: Bookmarks ON on input line 4446.
\c@Hy@tempcnt=\count278
 (/usr/share/texlive/texmf-dist/tex/latex/url/url.sty
\Urlmuskip=\muskip17
Package: url 2013/09/16  ver 3.4  Verb mode for urls, etc.
)
LaTeX Info: Redefining \url on input line 4784.
\XeTeXLinkMargin=\dimen153
 (/usr/share/texlive/texmf-dist/tex/generic/bitset/bitset.sty
Package: bitset 2019/12/09 v1.3 Handle bit-vector datatype (HO)
 (/usr/share/texlive/texmf-dist/tex/generic/bigintcalc/bigintcalc.sty
Package: bigintcalc 2019/12/15 v1.5 Expandable calculations on big integers (HO)
))
\Fld@menulength=\count279
\Field@Width=\dimen154
\Fld@charsize=\dimen155
Package hyperref Info: Hyper figures OFF on input line 6063.
Package hyperref Info: Link nesting OFF on input line 6068.
Package hyperref Info: Hyper index ON on input line 6071.
Package hyperref Info: backreferencing OFF on input line 6078.
Package hyperref Info: Link coloring OFF on input line 6083.
Package hyperref Info: Link coloring with OCG OFF on input line 6088.
Package hyperref Info: PDF/A mode OFF on input line 6093.
 (/usr/share/texlive/texmf-dist/tex/latex/base/atbegshi-ltx.sty
Package: atbegshi-ltx 2021/01/10 v1.0c Emulation of the original atbegshi
package with kernel methods
)
\Hy@abspage=\count280
\c@Item=\count281
\c@Hfootnote=\count282
)
Package hyperref Info: Driver (autodetected): hpdftex.
 (/usr/share/texlive/texmf-dist/tex/latex/hyperref/hpdftex.def
File: hpdftex.def 2024-01-20 v7.01h Hyperref driver for pdfTeX
 (/usr/share/texlive/texmf-dist/tex/latex/base/atveryend-ltx.sty
Package: atveryend-ltx 2020/08/19 v1.0a Emulation of the original atveryend package
with kernel methods
)
\Fld@listcount=\count283
\c@bookmark@seq@number=\count284
 (/usr/share/texlive/texmf-dist/tex/latex/rerunfilecheck/rerunfilecheck.sty
Package: rerunfilecheck 2022-07-10 v1.10 Rerun checks for auxiliary files (HO)
 (/usr/share/texlive/texmf-dist/tex/generic/uniquecounter/uniquecounter.sty
Package: uniquecounter 2019/12/15 v1.4 Provide unlimited unique counter (HO)
)
Package uniquecounter Info: New unique counter `rerunfilecheck' on input line 285.
)
\Hy@SectionHShift=\skip53
) (/usr/share/texlive/texmf-dist/tex/latex/enumitem/enumitem.sty
Package: enumitem 2019/06/20 v3.9 Customized lists
\labelindent=\skip54
\enit@outerparindent=\dimen156
\enit@toks=\toks25
\enit@inbox=\box53
\enit@count@id=\count285
\enitdp@description=\count286
) (/usr/share/texlive/texmf-dist/tex/latex/float/float.sty
Package: float 2001/11/08 v1.3d Float enhancements (AL)
\c@float@type=\count287
\float@exts=\toks26
\float@box=\box54
\@float@everytoks=\toks27
\@floatcapt=\box55
) (/usr/share/texlive/texmf-dist/tex/latex/caption/caption.sty
Package: caption 2023/08/05 v3.6o Customizing captions (AR)
 (/usr/share/texlive/texmf-dist/tex/latex/caption/caption3.sty
Package: caption3 2023/07/31 v2.4d caption3 kernel (AR)
\caption@tempdima=\dimen157
\captionmargin=\dimen158
\caption@leftmargin=\dimen159
\caption@rightmargin=\dimen160
\caption@width=\dimen161
\caption@indent=\dimen162
\caption@parindent=\dimen163
\caption@hangindent=\dimen164
Package caption Info: Standard document class detected.
)
\c@caption@flags=\count288
\c@continuedfloat=\count289
Package caption Info: float package is loaded.
Package caption Info: hyperref package is loaded.
) (/usr/share/texlive/texmf-dist/tex/latex/xcolor/xcolor.sty
Package: xcolor 2023/11/15 v3.01 LaTeX color extensions (UK)
 (/usr/share/texlive/texmf-dist/tex/latex/graphics-cfg/color.cfg
File: color.cfg 2016/01/02 v1.6 sample color configuration
)
Package xcolor Info: Driver file: pdftex.def on input line 274.
 (/usr/share/texlive/texmf-dist/tex/latex/graphics/mathcolor.ltx)
Package xcolor Info: Model `cmy' substituted by `cmy0' on input line 1350.
Package xcolor Info: Model `hsb' substituted by `rgb' on input line 1354.
Package xcolor Info: Model `RGB' extended on input line 1366.
Package xcolor Info: Model `HTML' substituted by `rgb' on input line 1368.
Package xcolor Info: Model `Hsb' substituted by `hsb' on input line 1369.
Package xcolor Info: Model `tHsb' substituted by `hsb' on input line 1370.
Package xcolor Info: Model `HSB' substituted by `hsb' on input line 1371.
Package xcolor Info: Model `Gray' substituted by `gray' on input line 1372.
Package xcolor Info: Model `wave' substituted by `hsb' on input line 1373.
) (/usr/share/texlive/texmf-dist/tex/latex/listings/listings.sty
\lst@mode=\count290
\lst@gtempboxa=\box56
\lst@token=\toks28
\lst@length=\count291
\lst@currlwidth=\dimen165
\lst@column=\count292
\lst@pos=\count293
\lst@lostspace=\dimen166
\lst@width=\dimen167
\lst@newlines=\count294
\lst@lineno=\count295
\lst@maxwidth=\dimen168
 (/usr/share/texlive/texmf-dist/tex/latex/listings/lstmisc.sty
File: lstmisc.sty 2023/02/27 1.9 (Carsten Heinz)
\c@lstnumber=\count296
\lst@skipnumbers=\count297
\lst@framebox=\box57
) (/usr/share/texlive/texmf-dist/tex/latex/listings/listings.cfg
File: listings.cfg 2023/02/27 1.9 listings configuration
))
Package: listings 2023/02/27 1.9 (Carsten Heinz)
 (/usr/share/texlive/texmf-dist/tex/latex/listings/lstlang1.sty
File: lstlang1.sty 2023/02/27 1.9 listings language file
) (/usr/share/texlive/texmf-dist/tex/latex/listings/lstmisc.sty
File: lstmisc.sty 2023/02/27 1.9 (Carsten Heinz)
) (/usr/share/texlive/texmf-dist/tex/latex/titlesec/titlesec.sty
Package: titlesec 2023/10/27 v2.16 Sectioning titles
\ttl@box=\box58
\beforetitleunit=\skip55
\aftertitleunit=\skip56
\ttl@plus=\dimen169
\ttl@minus=\dimen170
\ttl@toksa=\toks29
\titlewidth=\dimen171
\titlewidthlast=\dimen172
\titlewidthfirst=\dimen173
) (/usr/share/texlive/texmf-dist/tex/latex/l3backend/l3backend-pdftex.def
File: l3backend-pdftex.def 2024-01-04 L3 backend support: PDF output (pdfTeX)
\l__color_backend_stack_int=\count298
\l__pdf_internal_box=\box59
) (./documentation.aux

LaTeX Warning: Label `fig:your_label' multiply defined.


LaTeX Warning: Label `fig:your_label' multiply defined.


LaTeX Warning: Label `fig:time_evolution_square' multiply defined.


LaTeX Warning: Label `lst:p7001' multiply defined.


LaTeX Warning: Label `lst:p7001' multiply defined.


LaTeX Warning: Label `lst:p7001' multiply defined.


LaTeX Warning: Label `lst:p7001' multiply defined.


LaTeX Warning: Label `lst:p7001' multiply defined.


LaTeX Warning: Label `lst:p7001' multiply defined.


LaTeX Warning: Label `lst:p7001' multiply defined.


LaTeX Warning: Label `lst:p7001' multiply defined.


LaTeX Warning: Label `lst:p7001' multiply defined.

)
\openout1 = `documentation.aux'.

LaTeX Font Info:    Checking defaults for OML/cmm/m/it on input line 54.
LaTeX Font Info:    ... okay on input line 54.
LaTeX Font Info:    Checking defaults for OMS/cmsy/m/n on input line 54.
LaTeX Font Info:    ... okay on input line 54.
LaTeX Font Info:    Checking defaults for OT1/cmr/m/n on input line 54.
LaTeX Font Info:    ... okay on input line 54.
LaTeX Font Info:    Checking defaults for T1/cmr/m/n on input line 54.
LaTeX Font Info:    ... okay on input line 54.
LaTeX Font Info:    Checking defaults for TS1/cmr/m/n on input line 54.
LaTeX Font Info:    ... okay on input line 54.
LaTeX Font Info:    Checking defaults for OMX/cmex/m/n on input line 54.
LaTeX Font Info:    ... okay on input line 54.
LaTeX Font Info:    Checking defaults for U/cmr/m/n on input line 54.
LaTeX Font Info:    ... okay on input line 54.
LaTeX Font Info:    Checking defaults for PD1/pdf/m/n on input line 54.
LaTeX Font Info:    ... okay on input line 54.
LaTeX Font Info:    Checking defaults for PU/pdf/m/n on input line 54.
LaTeX Font Info:    ... okay on input line 54.
 (/usr/share/texlive/texmf-dist/tex/context/base/mkii/supp-pdf.mkii
[Loading MPS to PDF converter (version 2006.09.02).]
\scratchcounter=\count299
\scratchdimen=\dimen174
\scratchbox=\box60
\nofMPsegments=\count300
\nofMParguments=\count301
\everyMPshowfont=\toks30
\MPscratchCnt=\count302
\MPscratchDim=\dimen175
\MPnumerator=\count303
\makeMPintoPDFobject=\count304
\everyMPtoPDFconversion=\toks31
) (/usr/share/texlive/texmf-dist/tex/latex/epstopdf-pkg/epstopdf-base.sty
Package: epstopdf-base 2020-01-24 v2.11 Base part for package epstopdf
Package epstopdf-base Info: Redefining graphics rule for `.eps' on input line 485.
 (/usr/share/texlive/texmf-dist/tex/latex/latexconfig/epstopdf-sys.cfg
File: epstopdf-sys.cfg 2010/07/13 v1.3 Configuration of (r)epstopdf for TeX Live
))
Package hyperref Info: Link coloring OFF on input line 54.
 (./documentation.out) (./documentation.out)
\@outlinefile=\write3
\openout3 = `documentation.out'.

Package caption Info: Begin \AtBeginDocument code.
Package caption Info: listings package is loaded.
Package caption Info: End \AtBeginDocument code.
\c@lstlisting=\count305
 [1

{/var/lib/texmf/fonts/map/pdftex/updmap/pdftex.map}] (./documentation.toc)
\tf@toc=\write4
\openout4 = `documentation.toc'.

 [2]
Underfull \hbox (badness 10000) in paragraph at lines 68--77

 []


Underfull \hbox (badness 10000) in paragraph at lines 82--98

 []

[3]
LaTeX Font Info:    Trying to load font information for OMS+cmtt on input line 111.
LaTeX Font Info:    No file OMScmtt.fd. on input line 111.


LaTeX Font Warning: Font shape `OMS/cmtt/m/n' undefined
(Font)              using `OMS/cmsy/m/n' instead
(Font)              for symbol `textbraceleft' on input line 111.


Underfull \hbox (badness 10000) in paragraph at lines 104--114

 []


Overfull \hbox (18.18375pt too wide) in paragraph at lines 116--127
\OT1/cmr/m/n/12 Where two ini-tial-iza-tion modes are used. One De-ter-min-is-tic via \OT1/cmtt/m/n/12 reset(cellauto
 []


Underfull \hbox (badness 10000) in paragraph at lines 116--127

 []


Underfull \hbox (badness 10000) in paragraph at lines 129--146

 []

[4]
Underfull \hbox (badness 10000) in paragraph at lines 181--183

 []

[5]
<1d_plots/1d_rule_22.png, id=153, 10912.77pt x 10912.77pt>
File: 1d_plots/1d_rule_22.png Graphic file (type png)
<use 1d_plots/1d_rule_22.png>
Package pdftex.def Info: 1d_plots/1d_rule_22.png  used on input line 188.
(pdftex.def)             Requested size: 227.45982pt x 227.45982pt.
<1d_plots/1d_rule_214.png, id=155, 10912.77pt x 10912.77pt>
File: 1d_plots/1d_rule_214.png Graphic file (type png)
<use 1d_plots/1d_rule_214.png>
Package pdftex.def Info: 1d_plots/1d_rule_214.png  used on input line 198.
(pdftex.def)             Requested size: 227.45982pt x 227.45982pt.
 [6 <./1d_plots/1d_rule_22.png> <./1d_plots/1d_rule_214.png>]
Overfull \hbox (1.20784pt too wide) in paragraph at lines 210--210
|[]\OT1/cmr/bx/n/17.28 Part B: Two Di-men-sional Cel-lu-lar Au-toma-
 []

[7] [8]
Underfull \hbox (badness 10000) in paragraph at lines 279--287

 []

<2d_plots/frame_000.pdf, id=175, 803.0pt x 803.0pt>
File: 2d_plots/frame_000.pdf Graphic file (type pdf)
<use 2d_plots/frame_000.pdf>
Package pdftex.def Info: 2d_plots/frame_000.pdf  used on input line 310.
(pdftex.def)             Requested size: 227.61984pt x 227.61984pt.
[9 <./2d_plots/frame_000.pdf>] [10]
<2d_plots/frame_000.png, id=194, 803.0pt x 803.0pt>
File: 2d_plots/frame_000.png Graphic file (type png)
<use 2d_plots/frame_000.png>
Package pdftex.def Info: 2d_plots/frame_000.png  used on input line 379.
(pdftex.def)             Requested size: 136.50238pt x 136.49594pt.

Overfull \hbox (6.79999pt too wide) in paragraph at lines 379--380
 [][] 
 []

<2d_plots/frame_050.png, id=195, 803.0pt x 803.0pt>
File: 2d_plots/frame_050.png Graphic file (type png)
<use 2d_plots/frame_050.png>
Package pdftex.def Info: 2d_plots/frame_050.png  used on input line 385.
(pdftex.def)             Requested size: 136.50238pt x 136.49594pt.

Overfull \hbox (6.79999pt too wide) in paragraph at lines 385--386
 [][] 
 []

<2d_plots/frame_100.png, id=196, 803.0pt x 803.0pt>
File: 2d_plots/frame_100.png Graphic file (type png)
<use 2d_plots/frame_100.png>
Package pdftex.def Info: 2d_plots/frame_100.png  used on input line 391.
(pdftex.def)             Requested size: 136.50238pt x 136.49594pt.

Overfull \hbox (6.79999pt too wide) in paragraph at lines 391--392
 [][] 
 []

<2d_plots/frame_150.png, id=197, 803.0pt x 803.0pt>
File: 2d_plots/frame_150.png Graphic file (type png)
<use 2d_plots/frame_150.png>
Package pdftex.def Info: 2d_plots/frame_150.png  used on input line 397.
(pdftex.def)             Requested size: 136.50238pt x 136.49594pt.

Overfull \hbox (6.79999pt too wide) in paragraph at lines 397--398
 [][] 
 []

[11 <./2d_plots/frame_000.png> <./2d_plots/frame_050.png> <./2d_plots/frame_100.png> <./2d_plots/frame_150.png>]
Underfull \hbox (badness 10000) in paragraph at lines 429--432

 []

[12]
Package hyperref Info: bookmark level for unknown lstlisting defaults to 0 on input line 447.
LaTeX Font Info:    Trying to load font information for TS1+cmtt on input line 456.
 (/usr/share/texlive/texmf-dist/tex/latex/base/ts1cmtt.fd
File: ts1cmtt.fd 2023/04/13 v2.5m Standard LaTeX font definitions
) [13{/usr/share/texmf/fonts/enc/dvips/cm-super/cm-super-ts1.enc}]
<1d_plots/1d_rule_22_random.png, id=272, 10912.77pt x 10912.77pt>
File: 1d_plots/1d_rule_22_random.png Graphic file (type png)
<use 1d_plots/1d_rule_22_random.png>
Package pdftex.def Info: 1d_plots/1d_rule_22_random.png  used on input line 514.
(pdftex.def)             Requested size: 175.49881pt x 175.34055pt.

Overfull \hbox (6.79999pt too wide) in paragraph at lines 514--515
 [][] 
 []

<1d_plots/1d_rule_106_random.png, id=273, 10912.77pt x 10912.77pt>
File: 1d_plots/1d_rule_106_random.png Graphic file (type png)
<use 1d_plots/1d_rule_106_random.png>
Package pdftex.def Info: 1d_plots/1d_rule_106_random.png  used on input line 520.
(pdftex.def)             Requested size: 175.49881pt x 175.34055pt.

Overfull \hbox (6.79999pt too wide) in paragraph at lines 520--521
 [][] 
 []

<1d_plots/1d_rule_187_random.png, id=274, 10912.77pt x 10912.77pt>
File: 1d_plots/1d_rule_187_random.png Graphic file (type png)
<use 1d_plots/1d_rule_187_random.png>
Package pdftex.def Info: 1d_plots/1d_rule_187_random.png  used on input line 526.
(pdftex.def)             Requested size: 175.49881pt x 175.34055pt.

Overfull \hbox (6.79999pt too wide) in paragraph at lines 526--527
 [][] 
 []

<1d_plots/1d_rule_214_random.png, id=275, 10912.77pt x 10912.77pt>
File: 1d_plots/1d_rule_214_random.png Graphic file (type png)
<use 1d_plots/1d_rule_214_random.png>
Package pdftex.def Info: 1d_plots/1d_rule_214_random.png  used on input line 532.
(pdftex.def)             Requested size: 175.49881pt x 175.34055pt.

Overfull \hbox (6.79999pt too wide) in paragraph at lines 532--533
 [][] 
 []

[14 <./1d_plots/1d_rule_22_random.png> <./1d_plots/1d_rule_106_random.png> <./1d_plots/1d_rule_187_random.png> <./1d_plots/1d_rule_214_random.png>]
<2d_plots/frame_30_000.png, id=286, 803.0pt x 803.0pt>
File: 2d_plots/frame_30_000.png Graphic file (type png)
<use 2d_plots/frame_30_000.png>
Package pdftex.def Info: 2d_plots/frame_30_000.png  used on input line 549.
(pdftex.def)             Requested size: 97.5pt x 97.49535pt.

Overfull \hbox (6.79999pt too wide) in paragraph at lines 549--550
 [][] 
 []

<2d_plots/frame_30_001.png, id=287, 803.0pt x 803.0pt>
File: 2d_plots/frame_30_001.png Graphic file (type png)
<use 2d_plots/frame_30_001.png>
Package pdftex.def Info: 2d_plots/frame_30_001.png  used on input line 555.
(pdftex.def)             Requested size: 97.5pt x 97.49535pt.

Overfull \hbox (6.79999pt too wide) in paragraph at lines 555--556
 [][] 
 []

<2d_plots/frame_30_002.png, id=288, 803.0pt x 803.0pt>
File: 2d_plots/frame_30_002.png Graphic file (type png)
<use 2d_plots/frame_30_002.png>
Package pdftex.def Info: 2d_plots/frame_30_002.png  used on input line 561.
(pdftex.def)             Requested size: 97.5pt x 97.49535pt.

Overfull \hbox (6.79999pt too wide) in paragraph at lines 561--562
 [][] 
 []

<2d_plots/frame_30_003.png, id=289, 803.0pt x 803.0pt>
File: 2d_plots/frame_30_003.png Graphic file (type png)
<use 2d_plots/frame_30_003.png>
Package pdftex.def Info: 2d_plots/frame_30_003.png  used on input line 568.
(pdftex.def)             Requested size: 97.5pt x 97.49535pt.

Overfull \hbox (6.79999pt too wide) in paragraph at lines 568--569
 [][] 
 []

<2d_plots/frame_30_004.png, id=290, 803.0pt x 803.0pt>
File: 2d_plots/frame_30_004.png Graphic file (type png)
<use 2d_plots/frame_30_004.png>
Package pdftex.def Info: 2d_plots/frame_30_004.png  used on input line 574.
(pdftex.def)             Requested size: 97.5pt x 97.49535pt.

Overfull \hbox (6.79999pt too wide) in paragraph at lines 574--575
 [][] 
 []

<2d_plots/frame_30_005.png, id=291, 803.0pt x 803.0pt>
File: 2d_plots/frame_30_005.png Graphic file (type png)
<use 2d_plots/frame_30_005.png>
Package pdftex.def Info: 2d_plots/frame_30_005.png  used on input line 580.
(pdftex.def)             Requested size: 97.5pt x 97.49535pt.

Overfull \hbox (6.79999pt too wide) in paragraph at lines 580--581
 [][] 
 []

<2d_plots/frame_30_006.png, id=292, 803.0pt x 803.0pt>
File: 2d_plots/frame_30_006.png Graphic file (type png)
<use 2d_plots/frame_30_006.png>
Package pdftex.def Info: 2d_plots/frame_30_006.png  used on input line 587.
(pdftex.def)             Requested size: 97.5pt x 97.49535pt.

Overfull \hbox (6.79999pt too wide) in paragraph at lines 587--588
 [][] 
 []

<2d_plots/frame_30_007.png, id=293, 803.0pt x 803.0pt>
File: 2d_plots/frame_30_007.png Graphic file (type png)
<use 2d_plots/frame_30_007.png>
Package pdftex.def Info: 2d_plots/frame_30_007.png  used on input line 593.
(pdftex.def)             Requested size: 97.5pt x 97.49535pt.

Overfull \hbox (6.79999pt too wide) in paragraph at lines 593--594
 [][] 
 []

<2d_plots/frame_30_008.png, id=294, 803.0pt x 803.0pt>
File: 2d_plots/frame_30_008.png Graphic file (type png)
<use 2d_plots/frame_30_008.png>
Package pdftex.def Info: 2d_plots/frame_30_008.png  used on input line 599.
(pdftex.def)             Requested size: 97.5pt x 97.49535pt.

Overfull \hbox (6.79999pt too wide) in paragraph at lines 599--600
 [][] 
 []

<2d_plots/frame_30_009.png, id=295, 803.0pt x 803.0pt>
File: 2d_plots/frame_30_009.png Graphic file (type png)
<use 2d_plots/frame_30_009.png>
Package pdftex.def Info: 2d_plots/frame_30_009.png  used on input line 606.
(pdftex.def)             Requested size: 97.5pt x 97.49535pt.

Overfull \hbox (6.79999pt too wide) in paragraph at lines 606--607
 [][] 
 []

<2d_plots/frame_30_010.png, id=296, 803.0pt x 803.0pt>
File: 2d_plots/frame_30_010.png Graphic file (type png)
<use 2d_plots/frame_30_010.png>
Package pdftex.def Info: 2d_plots/frame_30_010.png  used on input line 612.
(pdftex.def)             Requested size: 97.5pt x 97.49535pt.

Overfull \hbox (6.79999pt too wide) in paragraph at lines 612--613
 [][] 
 []

<2d_plots/frame_30_011.png, id=297, 803.0pt x 803.0pt>
File: 2d_plots/frame_30_011.png Graphic file (type png)
<use 2d_plots/frame_30_011.png>
Package pdftex.def Info: 2d_plots/frame_30_011.png  used on input line 618.
(pdftex.def)             Requested size: 97.5pt x 97.49535pt.

Overfull \hbox (6.79999pt too wide) in paragraph at lines 618--619
 [][] 
 []


Overfull \vbox (10.92993pt too high) has occurred while \output is active []

 [15 <./2d_plots/frame_30_000.png> <./2d_plots/frame_30_001.png> <./2d_plots/frame_30_002.png> <./2d_plots/frame_30_003.png> <./2d_plots/frame_30_004.png> <./2d_plots/frame_30_005.png> <./2d_plots/frame_30_006.png> <./2d_plots/frame_30_007.png> <./2d_plots/frame_30_008.png> <./2d_plots/frame_30_009.png> <./2d_plots/frame_30_010.png> <./2d_plots/frame_30_011.png>]
LaTeX Font Info:    Font shape `OT1/cmtt/bx/n' in size <6> not available
(Font)              Font shape `OT1/cmtt/m/n' tried instead on input line 650.
 [16] [17] [18] [19] [20] [21] [22] [23] [24] (./documentation.aux)
 ***********
LaTeX2e <2023-11-01> patch level 1
L3 programming layer <2024-01-22>
 ***********


LaTeX Font Warning: Some font shapes were not available, defaults substituted.


LaTeX Warning: There were multiply-defined labels.

Package rerunfilecheck Info: File `documentation.out' has not changed.
(rerunfilecheck)             Checksum: E3C081AB1F994E8BBC37016B427154A7;3033.
 ) 
Here is how much of TeX's memory you used:
 14373 strings out of 474222
 222799 string characters out of 5748733
 2450975 words of memory out of 5000000
 35826 multiletter control sequences out of 15000+600000
 567088 words of font info for 68 fonts, out of 8000000 for 9000
 1141 hyphenation exceptions out of 8191
 75i,10n,79p,442b,2032s stack positions out of 10000i,1000n,20000p,200000b,200000s
</usr/share/texlive/texmf-dist/fonts/type1/public/amsfonts/cm/cmbx10.pfb></usr/share/texlive/texmf-dist/fonts/type1/public/amsfonts/cm/cmbx12.pfb></usr/share/texlive/texmf-dist/fonts/type1/public/amsfonts/cm/cmmi10.pfb></usr/share/texlive/texmf-dist/fonts/type1/public/amsfonts/cm/cmr10.pfb></usr/share/texlive/texmf-dist/fonts/type1/public/amsfonts/cm/cmr12.pfb></usr/share/texlive/texmf-dist/fonts/type1/public/amsfonts/cm/cmr6.pfb></usr/share/texlive/texmf-dist/fonts/type1/public/amsfonts/cm/cmsy10.pfb></usr/share/texlive/texmf-dist/fonts/type1/public/amsfonts/cm/cmtt12.pfb></usr/share/texlive/texmf-dist/fonts/type1/public/amsfonts/cm/cmtt8.pfb></usr/share/texmf/fonts/type1/public/cm-super/sfrm1200.pfb></usr/share/texmf/fonts/type1/public/cm-super/sftt0800.pfb>
Output written on documentation.pdf (24 pages, 4306122 bytes).
PDF statistics:
 1093 PDF objects out of 1200 (max. 8388607)
 988 compressed objects within 10 object streams
 661 named destinations out of 1000 (max. 500000)
 308 words of extra memory for PDF output out of 10000 (max. 10000000)

